---------------------------------------
Begin Slurm Prolog: Nov-21-2025 15:46:31
Job ID:    3611777
User ID:   cpei6
Account:   phys
Job name:  em_mpi_gpu
Partition: ice-gpu
QOS:       coc-ice
---------------------------------------

Lmod is automatically replacing "mvapich2/2.3.7-1" with "openmpi/4.1.5".


Due to MODULEPATH changes, the following have been reloaded:
  1) gmp/6.2.1     2) mpc/1.3.1     3) mpfr/4.2.0     4) zlib/1.2.13

Running MPI+GPU EM...
---------------------------------------
Begin Slurm Epilog: Nov-21-2025 15:46:36
Job ID:        3611777
User ID:       cpei6
Account:       phys
Job name:      em_mpi_gpu
Resources:     cpu=16,gres/gpu:h200=4,mem=64G,node=1
Rsrc Used:     cput=00:01:36,vmem=0,walltime=00:00:06,mem=41088K,energy_used=0
Partition:     ice-gpu
QOS:           coc-ice
Nodes:         atl1-1-03-017-9-0
---------------------------------------
